<?xml version="1.0" encoding="UTF-8"?>
<testng-results skipped="0" failed="0" total="3" passed="3">
  <reporter-output>
  </reporter-output>
  <suite name="Suite" duration-ms="59721" started-at="2020-10-15T04:21:20Z" finished-at="2020-10-15T04:22:19Z">
    <groups>
    </groups>
    <test name="Test" duration-ms="59721" started-at="2020-10-15T04:21:20Z" finished-at="2020-10-15T04:22:19Z">
      <class name="com.ebay.mobileAutomation.homeScript.HomeTestScript">
        <test-method status="PASS" signature="searchItems()[pri:1, instance:com.ebay.mobileAutomation.homeScript.HomeTestScript@59ec2012]" name="searchItems" duration-ms="13791" started-at="2020-10-15T09:51:54Z" finished-at="2020-10-15T09:52:08Z">
          <reporter-output>
          </reporter-output>
        </test-method> <!-- searchItems -->
        <test-method status="PASS" signature="chooseOneItem()[pri:2, instance:com.ebay.mobileAutomation.homeScript.HomeTestScript@59ec2012]" name="chooseOneItem" duration-ms="11448" started-at="2020-10-15T09:52:08Z" finished-at="2020-10-15T09:52:19Z">
          <reporter-output>
          </reporter-output>
        </test-method> <!-- chooseOneItem -->
      </class> <!-- com.ebay.mobileAutomation.homeScript.HomeTestScript -->
      <class name="com.ebay.mobileAutomation.loginScripts.LoginTestScript">
        <test-method status="PASS" signature="setUp()[pri:0, instance:com.ebay.mobileAutomation.loginScripts.LoginTestScript@402a079c]" name="setUp" is-config="true" duration-ms="14508" started-at="2020-10-15T09:51:05Z" finished-at="2020-10-15T09:51:20Z">
          <reporter-output>
          </reporter-output>
        </test-method> <!-- setUp -->
        <test-method status="PASS" signature="login()[pri:0, instance:com.ebay.mobileAutomation.loginScripts.LoginTestScript@402a079c]" name="login" duration-ms="34467" started-at="2020-10-15T09:51:20Z" finished-at="2020-10-15T09:51:54Z">
          <reporter-output>
          </reporter-output>
        </test-method> <!-- login -->
        <test-method status="PASS" signature="tearDown()[pri:0, instance:com.ebay.mobileAutomation.loginScripts.LoginTestScript@402a079c]" name="tearDown" is-config="true" duration-ms="554" started-at="2020-10-15T09:52:19Z" finished-at="2020-10-15T09:52:20Z">
          <reporter-output>
          </reporter-output>
        </test-method> <!-- tearDown -->
      </class> <!-- com.ebay.mobileAutomation.loginScripts.LoginTestScript -->
    </test> <!-- Test -->
  </suite> <!-- Suite -->
</testng-results>
