<?xml version="1.0" encoding="UTF-8"?>
<!-- Generated by org.testng.reporters.JUnitXMLReporter -->
<testsuite hostname="rajkumar-1250" name="Test" tests="3" failures="0" timestamp="15 Oct 2020 04:22:19 GMT" time="59.721" errors="0">
  <testcase name="login" time="34.467" classname="com.ebay.mobileAutomation.loginScripts.LoginTestScript"/>
  <testcase name="searchItems" time="13.791" classname="com.ebay.mobileAutomation.homeScript.HomeTestScript"/>
  <testcase name="chooseOneItem" time="11.448" classname="com.ebay.mobileAutomation.homeScript.HomeTestScript"/>
</testsuite> <!-- Test -->
